<?xml version="1.0" encoding="UTF-8"?>
<testng-results skipped="0" failed="0" total="1" passed="1">
  <reporter-output>
  </reporter-output>
  <suite name="Default suite" duration-ms="25408" started-at="2015-08-24T02:03:09Z" finished-at="2015-08-24T02:03:35Z">
    <groups>
    </groups>
    <test name="Default test" duration-ms="25408" started-at="2015-08-24T02:03:09Z" finished-at="2015-08-24T02:03:35Z">
      <class name="TestDriverScript">
        <test-method status="PASS" signature="fetchingurl()[pri:0, instance:TestDriverScript@13b6d03]" name="fetchingurl" duration-ms="25353" started-at="2015-08-24T07:33:10Z" finished-at="2015-08-24T07:33:35Z">
          <reporter-output>
          </reporter-output>
        </test-method> <!-- fetchingurl -->
      </class> <!-- TestDriverScript -->
    </test> <!-- Default test -->
  </suite> <!-- Default suite -->
</testng-results>
